<?xml version="1.0" encoding="UTF-8"?>
<testng-results ignored="0" total="2" passed="2" failed="0" skipped="0">
  <reporter-output>
  </reporter-output>
  <suite started-at="2023-12-07T12:15:27 IST" name="Default suite" finished-at="2023-12-07T12:15:38 IST" duration-ms="10954">
    <groups>
    </groups>
    <test started-at="2023-12-07T12:15:27 IST" name="Default test" finished-at="2023-12-07T12:15:38 IST" duration-ms="10954">
      <class name="com.Xpath.HomePageXpath">
        <test-method is-config="true" signature="setup()[pri:0, instance:com.Xpath.HomePageXpath@7bd4937b]" started-at="2023-12-07T12:15:27 IST" name="setup" finished-at="2023-12-07T12:15:30 IST" duration-ms="2781" status="PASS">
          <reporter-output>
          </reporter-output>
        </test-method> <!-- setup -->
        <test-method signature="Logincredentials()[pri:1, instance:com.Xpath.HomePageXpath@7bd4937b]" started-at="2023-12-07T12:15:30 IST" name="Logincredentials" description=" OHRM LogIn Page Credentials Test" finished-at="2023-12-07T12:15:32 IST" duration-ms="1948" status="PASS">
          <reporter-output>
          </reporter-output>
        </test-method> <!-- Logincredentials -->
        <test-method signature="OHRMHomePage()[pri:2, instance:com.Xpath.HomePageXpath@7bd4937b]" started-at="2023-12-07T12:15:32 IST" name="OHRMHomePage" description=" OHRM HomePage Welcome and Logout Test" finished-at="2023-12-07T12:15:38 IST" duration-ms="5968" status="PASS">
          <reporter-output>
          </reporter-output>
        </test-method> <!-- OHRMHomePage -->
        <test-method is-config="true" signature="teardown()[pri:0, instance:com.Xpath.HomePageXpath@7bd4937b]" started-at="2023-12-07T12:15:38 IST" name="teardown" finished-at="2023-12-07T12:15:38 IST" duration-ms="200" status="PASS">
          <reporter-output>
          </reporter-output>
        </test-method> <!-- teardown -->
      </class> <!-- com.Xpath.HomePageXpath -->
    </test> <!-- Default test -->
  </suite> <!-- Default suite -->
</testng-results>
