<?xml version="1.0" encoding="UTF-8"?>
<!-- Generated by org.testng.reporters.JUnitXMLReporter -->
<testsuite ignored="1" hostname="LAPTOP-8G7RLK1N" failures="0" tests="4" name="Default test" time="0.113" errors="0" timestamp="2023-11-20T18:47:20 IST">
  <testcase classname="com.TestNG.AnnotationsM3" name="gmailApplicationLogInTest" time="0.01"/>
  <testcase classname="com.TestNG.AnnotationsM3" name="gmailApplicationInBoxTest" time="0.003"/>
  <testcase classname="com.TestNG.AnnotationsM3" name="GmailApplicationComposeMailTest" time="0.001"/>
  <testcase classname="com.TestNG.AnnotationsM3" name="GmailApplicationSentMailTest" time="0.002"/>
  <testcase classname="com.TestNG.AnnotationsM3" name="GmailApplicationDraftsMailTest" time="0.0">
    <ignored/>
  </testcase> <!-- GmailApplicationDraftsMailTest -->
</testsuite> <!-- Default test -->
